#
# There is insufficient memory for the Java Runtime Environment to continue.
# Native memory allocation (malloc) failed to allocate 1048576 bytes. Error detail: AllocateHeap
# Possible reasons:
#   The system is out of physical RAM or swap space
#   This process is running with CompressedOops enabled, and the Java Heap may be blocking the growth of the native heap
# Possible solutions:
#   Reduce memory load on the system
#   Increase physical memory or swap space
#   Check if swap backing store is full
#   Decrease Java heap size (-Xmx/-Xms)
#   Decrease number of Java threads
#   Decrease Java thread stack sizes (-Xss)
#   Set larger code cache with -XX:ReservedCodeCacheSize=
#   JVM is running with Unscaled Compressed Oops mode in which the Java heap is
#     placed in the first 4GB address space. The Java Heap base address is the
#     maximum limit for the native heap growth. Please use -XX:HeapBaseMinAddress
#     to set the Java Heap base and to place the Java Heap above 4GB virtual address.
# This output file may be truncated or incomplete.
#
#  Out of Memory Error (allocation.cpp:44), pid=10288, tid=6024
#
# JRE version:  (21.0.10+7) (build )
# Java VM: OpenJDK 64-Bit Server VM (21.0.10+7-LTS, mixed mode, sharing, tiered, compressed oops, compressed class ptrs, parallel gc, windows-amd64)
# No core dump will be written. Minidumps are not enabled by default on client versions of Windows
#

---------------  S U M M A R Y ------------

Command Line: --add-modules=ALL-SYSTEM --add-opens=java.base/java.util=ALL-UNNAMED --add-opens=java.base/java.lang=ALL-UNNAMED --add-opens=java.base/sun.nio.fs=ALL-UNNAMED -Declipse.application=org.eclipse.jdt.ls.core.id1 -Dosgi.bundles.defaultStartLevel=4 -Declipse.product=org.eclipse.jdt.ls.core.product -Djava.import.generatesMetadataFilesAtProjectRoot=false -DDetectVMInstallationsJob.disabled=true -Dfile.encoding=utf8 -XX:+UseParallelGC -XX:GCTimeRatio=4 -XX:AdaptiveSizePolicyWeight=90 -Dsun.zip.disableMemoryMapping=true -Xmx2G -Xms100m -Xlog:disable -javaagent:c:\Users\Ahmad Ali Murtadlo A\.vscode\extensions\redhat.java-1.54.0-win32-x64\lombok\lombok-1.18.39-4050.jar -XX:+HeapDumpOnOutOfMemoryError -XX:HeapDumpPath=c:\Users\Ahmad Ali Murtadlo A\AppData\Roaming\Code\User\workspaceStorage\0068a1f2ebbdc3ed6c20f631dc3d7fc6\redhat.java -Daether.dependencyCollector.impl=bf c:\Users\Ahmad Ali Murtadlo A\.vscode\extensions\redhat.java-1.54.0-win32-x64\server\plugins\org.eclipse.equinox.launcher_1.7.100.v20251111-0406.jar -configuration c:\Users\Ahmad Ali Murtadlo A\AppData\Roaming\Code\User\globalStorage\redhat.java\1.54.0\config_win -data c:\Users\Ahmad Ali Murtadlo A\AppData\Roaming\Code\User\workspaceStorage\0068a1f2ebbdc3ed6c20f631dc3d7fc6\redhat.java\jdt_ws --pipe=\\.\pipe\lsp-25edd1dcf572cc9fc144c573cabb145f-sock

Host: Intel(R) Core(TM) 7 150U, 12 cores, 15G,  Windows 11 , 64 bit Build 26100 (10.0.26100.8328)
Time: Sun Jun  7 13:44:18 2026 SE Asia Standard Time elapsed time: 0.064623 seconds (0d 0h 0m 0s)

---------------  T H R E A D  ---------------

Current thread (0x000001d27e1cec90):  JavaThread "Unknown thread" [_thread_in_vm, id=6024, stack(0x0000007986200000,0x0000007986300000) (1024K)]

Stack: [0x0000007986200000,0x0000007986300000]
Native frames: (J=compiled Java code, j=interpreted, Vv=VM code, C=native code)
V  [jvm.dll+0x6d7a39]
V  [jvm.dll+0x8b4b26]
V  [jvm.dll+0x8b70de]
V  [jvm.dll+0x8b77c3]
V  [jvm.dll+0x284346]
V  [jvm.dll+0xc1277]
V  [jvm.dll+0x71518d]
V  [jvm.dll+0x71584c]
V  [jvm.dll+0x6e65d8]
V  [jvm.dll+0x87f17c]
V  [jvm.dll+0x3c49fc]
V  [jvm.dll+0x867e6b]
V  [jvm.dll+0x457b31]
V  [jvm.dll+0x459721]
C  [jli.dll+0x52d0]
C  [ucrtbase.dll+0x37b0]
C  [KERNEL32.DLL+0x2e957]
C  [ntdll.dll+0x427c]


---------------  P R O C E S S  ---------------

Threads class SMR info:
_java_thread_list=0x000001d27e1f5fe0, length=1, elements={
0x000001d27e1cec90
}

Java Threads: ( => current thread )
=>0x000001d27e1cec90 JavaThread "Unknown thread"             [_thread_in_vm, id=6024, stack(0x0000007986200000,0x0000007986300000) (1024K)]
Total: 1

Other Threads:
  0x000001d21621ca00 WatcherThread "VM Periodic Task Thread"        [id=21560, stack(0x0000007986400000,0x0000007986500000) (1024K)]
  0x000001d27e1ec9a0 WorkerThread "GC Thread#0"                     [id=17852, stack(0x0000007986300000,0x0000007986400000) (1024K)]
Total: 2

Threads with active compile tasks:
Total: 0

VM state: not at safepoint (normal execution)

VM Mutex/Monitor currently owned by a thread: None

Heap address: 0x0000000080000000, size: 2048 MB, Compressed Oops mode: 32-bit

CDS archive(s) mapped at: [0x000001d217000000-0x000001d217ba0000-0x000001d217ba0000), size 12189696, SharedBaseAddress: 0x000001d217000000, ArchiveRelocationMode: 1.
Compressed class space mapped at: 0x000001d218000000-0x000001d258000000, reserved size: 1073741824
Narrow klass base: 0x000001d217000000, Narrow klass shift: 0, Narrow klass range: 0x100000000

GC Precious Log:
 CardTable entry size: 512
 CPUs: 12 total, 12 available
 Memory: 15998M
 Large Page Support: Disabled
 NUMA Support: Disabled
 Compressed Oops: Enabled (32-bit)
 Alignments: Space 512K, Generation 512K, Heap 2M
 Heap Min Capacity: 100M
 Heap Initial Capacity: 100M
 Heap Max Capacity: 2G
 Pre-touch: Disabled
 Parallel Workers: 10

Heap:
 PSYoungGen      total 29696K, used 512K [0x00000000d5580000, 0x00000000d7680000, 0x0000000100000000)
  eden space 25600K, 2% used [0x00000000d5580000,0x00000000d5600020,0x00000000d6e80000)
  from space 4096K, 0% used [0x00000000d7280000,0x00000000d7280000,0x00000000d7680000)
  to   space 4096K, 0% used [0x00000000d6e80000,0x00000000d6e80000,0x00000000d7280000)
 ParOldGen       total 68608K, used 0K [0x0000000080000000, 0x0000000084300000, 0x00000000d5580000)
  object space 68608K, 0% used [0x0000000080000000,0x0000000080000000,0x0000000084300000)
 Metaspace       used 0K, committed 0K, reserved 1048576K
  class space    used 0K, committed 0K, reserved 1048576K

Card table byte_map: [0x000001d27db70000,0x000001d27df80000] _byte_map_base: 0x000001d27d770000

Marking Bits: (ParMarkBitMap*) 0x00007ff876623450
 Begin Bits: [0x000001d212140000, 0x000001d214140000)
 End Bits:   [0x000001d214140000, 0x000001d216140000)

Polling page: 0x000001d27bfc0000

Metaspace:

Usage:
  Non-class:      0 bytes used.
      Class:      0 bytes used.
       Both:      0 bytes used.

Virtual space:
  Non-class space:        0 bytes reserved,       0 bytes (  ?%) committed,  0 nodes.
      Class space:        1.00 GB reserved,       0 bytes (  0%) committed,  1 nodes.
             Both:        1.00 GB reserved,       0 bytes (  0%) committed. 

Chunk freelists:
   Non-Class:  0 bytes
       Class:  16.00 MB
        Both:  16.00 MB

MaxMetaspaceSize: unlimited
CompressedClassSpaceSize: 1.00 GB
Initial GC threshold: 21.00 MB
Current GC threshold: 17179869184.00 GB
CDS: on
 - commit_granule_bytes: 65536.
 - commit_granule_words: 8192.
 - virtual_space_node_default_size: 8388608.
 - enlarge_chunks_in_place: 1.
 - use_allocation_guard: 0.


Internal statistics:

num_allocs_failed_limit: 0.
num_arena_births: 0.
num_arena_deaths: 0.
num_vsnodes_births: 1.
num_vsnodes_deaths: 0.
num_space_committed: 0.
num_space_uncommitted: 0.
num_chunks_returned_to_freelist: 0.
num_chunks_taken_from_freelist: 1.
num_chunk_merges: 0.
num_chunk_splits: 1.
num_chunks_enlarged: 0.
num_inconsistent_stats: 0.

CodeHeap 'non-profiled nmethods': size=120000Kb used=0Kb max_used=0Kb free=120000Kb
 bounds [0x000001d20ac10000, 0x000001d20ae80000, 0x000001d212140000]
CodeHeap 'profiled nmethods': size=120000Kb used=0Kb max_used=0Kb free=120000Kb
 bounds [0x000001d203140000, 0x000001d2033b0000, 0x000001d20a670000]
CodeHeap 'non-nmethods': size=5760Kb used=194Kb max_used=342Kb free=5565Kb
 bounds [0x000001d20a670000, 0x000001d20a8e0000, 0x000001d20ac10000]
CodeCache: size=245760Kb, used=194Kb, max_used=342Kb, free=245565Kb
 total_blobs=70, nmethods=0, adapters=48, full_count=0
Compilation: enabled, stopped_count=0, restarted_count=0

Compilation events (0 events):
No events

GC Heap History (0 events):
No events

Dll operation events (1 events):
Event: 0.022 Loaded shared library c:\Users\Ahmad Ali Murtadlo A\.vscode\extensions\redhat.java-1.54.0-win32-x64\jre\21.0.10-win32-x86_64\bin\java.dll

Deoptimization events (0 events):
No events

Classes loaded (0 events):
No events

Classes unloaded (0 events):
No events

Classes redefined (0 events):
No events

Internal exceptions (0 events):
No events

ZGC Phase Switch (0 events):
No events

VM Operations (0 events):
No events

Memory protections (0 events):
No events

Nmethod flushes (0 events):
No events

Events (1 events):
Event: 0.049 Thread 0x000001d27e1cec90 Thread added: 0x000001d27e1cec90


Dynamic libraries:
0x00007ff7c7790000 - 0x00007ff7c779e000 	c:\Users\Ahmad Ali Murtadlo A\.vscode\extensions\redhat.java-1.54.0-win32-x64\jre\21.0.10-win32-x86_64\bin\java.exe
0x00007ff957020000 - 0x00007ff957287000 	C:\Windows\SYSTEM32\ntdll.dll
0x00007ff955a90000 - 0x00007ff955b59000 	C:\Windows\System32\KERNEL32.DLL
0x00007ff9548e0000 - 0x00007ff954cd7000 	C:\Windows\System32\KERNELBASE.dll
0x00007ff953a50000 - 0x00007ff953b9b000 	C:\Windows\System32\ucrtbase.dll
0x00007ff92bdb0000 - 0x00007ff92bdc8000 	c:\Users\Ahmad Ali Murtadlo A\.vscode\extensions\redhat.java-1.54.0-win32-x64\jre\21.0.10-win32-x86_64\bin\jli.dll
0x00007ff92bdd0000 - 0x00007ff92bdee000 	c:\Users\Ahmad Ali Murtadlo A\.vscode\extensions\redhat.java-1.54.0-win32-x64\jre\21.0.10-win32-x86_64\bin\VCRUNTIME140.dll
0x00007ff9567a0000 - 0x00007ff956966000 	C:\Windows\System32\USER32.dll
0x00007ff953f90000 - 0x00007ff953fb7000 	C:\Windows\System32\win32u.dll
0x00007ff956970000 - 0x00007ff95699b000 	C:\Windows\System32\GDI32.dll
0x00007ff953dd0000 - 0x00007ff953efc000 	C:\Windows\System32\gdi32full.dll
0x00007ff953d20000 - 0x00007ff953dc3000 	C:\Windows\System32\msvcp_win.dll
0x00007ff93c600000 - 0x00007ff93c892000 	C:\Windows\WinSxS\amd64_microsoft.windows.common-controls_6595b64144ccf1df_6.0.26100.8457_none_3e0b2faee331e92d\COMCTL32.dll
0x00007ff954ea0000 - 0x00007ff954f49000 	C:\Windows\System32\msvcrt.dll
0x00007ff956710000 - 0x00007ff956742000 	C:\Windows\System32\IMM32.DLL
0x00007ff93c000000 - 0x00007ff93c00c000 	c:\Users\Ahmad Ali Murtadlo A\.vscode\extensions\redhat.java-1.54.0-win32-x64\jre\21.0.10-win32-x86_64\bin\vcruntime140_1.dll
0x00007ff90fcd0000 - 0x00007ff90fd5d000 	c:\Users\Ahmad Ali Murtadlo A\.vscode\extensions\redhat.java-1.54.0-win32-x64\jre\21.0.10-win32-x86_64\bin\msvcp140.dll
0x00007ff875960000 - 0x00007ff876701000 	c:\Users\Ahmad Ali Murtadlo A\.vscode\extensions\redhat.java-1.54.0-win32-x64\jre\21.0.10-win32-x86_64\bin\server\jvm.dll
0x00007ff955f10000 - 0x00007ff955fc6000 	C:\Windows\System32\ADVAPI32.dll
0x00007ff956640000 - 0x00007ff9566e7000 	C:\Windows\System32\sechost.dll
0x00007ff956c80000 - 0x00007ff956d98000 	C:\Windows\System32\RPCRT4.dll
0x00007ff956db0000 - 0x00007ff956e30000 	C:\Windows\System32\WS2_32.dll
0x00007ff94da70000 - 0x00007ff94da7b000 	C:\Windows\SYSTEM32\VERSION.dll
0x00007ff9538d0000 - 0x00007ff95392e000 	C:\Windows\SYSTEM32\POWRPROF.dll
0x00007ff949f90000 - 0x00007ff949fc6000 	C:\Windows\SYSTEM32\WINMM.dll
0x00007ff953890000 - 0x00007ff9538a4000 	C:\Windows\SYSTEM32\UMPDC.dll
0x00007ff9527e0000 - 0x00007ff9527fb000 	C:\Windows\SYSTEM32\kernel.appcore.dll
0x00007ff93b8a0000 - 0x00007ff93b8aa000 	c:\Users\Ahmad Ali Murtadlo A\.vscode\extensions\redhat.java-1.54.0-win32-x64\jre\21.0.10-win32-x86_64\bin\jimage.dll
0x00007ff951880000 - 0x00007ff951ac2000 	C:\Windows\SYSTEM32\DBGHELP.DLL
0x00007ff955b60000 - 0x00007ff955ee3000 	C:\Windows\System32\combase.dll
0x00007ff9564d0000 - 0x00007ff9565a9000 	C:\Windows\System32\OLEAUT32.dll
0x00007ff9326c0000 - 0x00007ff9326fb000 	C:\Windows\SYSTEM32\dbgcore.DLL
0x00007ff953fc0000 - 0x00007ff954068000 	C:\Windows\System32\bcryptPrimitives.dll
0x00007ff93b010000 - 0x00007ff93b01f000 	c:\Users\Ahmad Ali Murtadlo A\.vscode\extensions\redhat.java-1.54.0-win32-x64\jre\21.0.10-win32-x86_64\bin\instrument.dll
0x00007ff92bc80000 - 0x00007ff92bca0000 	c:\Users\Ahmad Ali Murtadlo A\.vscode\extensions\redhat.java-1.54.0-win32-x64\jre\21.0.10-win32-x86_64\bin\java.dll

JVMTI agents:
c:\Users\Ahmad Ali Murtadlo A\.vscode\extensions\redhat.java-1.54.0-win32-x64\lombok\lombok-1.18.39-4050.jar path:none, loaded, not initialized, instrumentlib options:none

dbghelp: loaded successfully - version: 4.0.5 - missing functions: none
symbol engine: initialized successfully - sym options: 0x614 - pdb path: .;c:\Users\Ahmad Ali Murtadlo A\.vscode\extensions\redhat.java-1.54.0-win32-x64\jre\21.0.10-win32-x86_64\bin;C:\Windows\SYSTEM32;C:\Windows\WinSxS\amd64_microsoft.windows.common-controls_6595b64144ccf1df_6.0.26100.8457_none_3e0b2faee331e92d;c:\Users\Ahmad Ali Murtadlo A\.vscode\extensions\redhat.java-1.54.0-win32-x64\jre\21.0.10-win32-x86_64\bin\server

VM Arguments:
jvm_args: --add-modules=ALL-SYSTEM --add-opens=java.base/java.util=ALL-UNNAMED --add-opens=java.base/java.lang=ALL-UNNAMED --add-opens=java.base/sun.nio.fs=ALL-UNNAMED -Declipse.application=org.eclipse.jdt.ls.core.id1 -Dosgi.bundles.defaultStartLevel=4 -Declipse.product=org.eclipse.jdt.ls.core.product -Djava.import.generatesMetadataFilesAtProjectRoot=false -DDetectVMInstallationsJob.disabled=true -Dfile.encoding=utf8 -XX:+UseParallelGC -XX:GCTimeRatio=4 -XX:AdaptiveSizePolicyWeight=90 -Dsun.zip.disableMemoryMapping=true -Xmx2G -Xms100m -Xlog:disable -javaagent:c:\Users\Ahmad Ali Murtadlo A\.vscode\extensions\redhat.java-1.54.0-win32-x64\lombok\lombok-1.18.39-4050.jar -XX:+HeapDumpOnOutOfMemoryError -XX:HeapDumpPath=c:\Users\Ahmad Ali Murtadlo A\AppData\Roaming\Code\User\workspaceStorage\0068a1f2ebbdc3ed6c20f631dc3d7fc6\redhat.java -Daether.dependencyCollector.impl=bf 
java_command: c:\Users\Ahmad Ali Murtadlo A\.vscode\extensions\redhat.java-1.54.0-win32-x64\server\plugins\org.eclipse.equinox.launcher_1.7.100.v20251111-0406.jar -configuration c:\Users\Ahmad Ali Murtadlo A\AppData\Roaming\Code\User\globalStorage\redhat.java\1.54.0\config_win -data c:\Users\Ahmad Ali Murtadlo A\AppData\Roaming\Code\User\workspaceStorage\0068a1f2ebbdc3ed6c20f631dc3d7fc6\redhat.java\jdt_ws --pipe=\\.\pipe\lsp-25edd1dcf572cc9fc144c573cabb145f-sock
java_class_path (initial): c:\Users\Ahmad Ali Murtadlo A\.vscode\extensions\redhat.java-1.54.0-win32-x64\server\plugins\org.eclipse.equinox.launcher_1.7.100.v20251111-0406.jar
Launcher Type: SUN_STANDARD

[Global flags]
    uintx AdaptiveSizePolicyWeight                 = 90                                        {product} {command line}
     intx CICompilerCount                          = 4                                         {product} {ergonomic}
    uintx GCTimeRatio                              = 4                                         {product} {command line}
     bool HeapDumpOnOutOfMemoryError               = true                                   {manageable} {command line}
    ccstr HeapDumpPath                             = c:\Users\Ahmad Ali Murtadlo A\AppData\Roaming\Code\User\workspaceStorage\0068a1f2ebbdc3ed6c20f631dc3d7fc6\redhat.java         {manageable} {command line}
   size_t InitialHeapSize                          = 104857600                                 {product} {command line}
   size_t MaxHeapSize                              = 2147483648                                {product} {command line}
   size_t MaxNewSize                               = 715653120                                 {product} {ergonomic}
   size_t MinHeapDeltaBytes                        = 524288                                    {product} {ergonomic}
   size_t MinHeapSize                              = 104857600                                 {product} {command line}
   size_t NewSize                                  = 34603008                                  {product} {ergonomic}
    uintx NonNMethodCodeHeapSize                   = 5839372                                {pd product} {ergonomic}
    uintx NonProfiledCodeHeapSize                  = 122909434                              {pd product} {ergonomic}
   size_t OldSize                                  = 70254592                                  {product} {ergonomic}
    uintx ProfiledCodeHeapSize                     = 122909434                              {pd product} {ergonomic}
    uintx ReservedCodeCacheSize                    = 251658240                              {pd product} {ergonomic}
     bool SegmentedCodeCache                       = true                                      {product} {ergonomic}
   size_t SoftMaxHeapSize                          = 2147483648                             {manageable} {ergonomic}
     bool UseCompressedOops                        = true                           {product lp64_product} {ergonomic}
     bool UseLargePagesIndividualAllocation        = false                                  {pd product} {ergonomic}
     bool UseParallelGC                            = true                                      {product} {command line}

Logging:
Log output configuration:
 #0: stdout all=off uptime,level,tags foldmultilines=false
 #1: stderr all=off uptime,level,tags foldmultilines=false

Release file:
<release file has not been read>
Environment Variables:
PATH=C:\Program Files\Common Files\Oracle\Java\javapath;C:\Users\Ahmad Ali Murtadlo A\AppData\Local\Programs\Python\Python314\Scripts\;C:\Users\Ahmad Ali Murtadlo A\AppData\Local\Programs\Python\Python314\;C:\Program Files\Eclipse Adoptium\jdk-25.0.2.10-hotspot\bin;C:\Windows\system32;C:\Windows;C:\Windows\System32\Wbem;C:\Windows\System32\WindowsPowerShell\v1.0\;C:\Windows\System32\OpenSSH\;C:\Program Files\Winlibs\bin;C:\Program Files\Git\cmd;C:\Program Files\nodejs\;C:\ProgramData\chocolatey\bin;C:\Users\Ahmad Ali Murtadlo A\AppData\Local\Microsoft\WindowsApps;C:\Users\Ahmad Ali Murtadlo A\AppData\Local\Programs\Microsoft VS Code\bin;C:\Program Files\JetBrains\IntelliJ IDEA 2026.1\bin;C:\Users\Ahmad Ali Murtadlo A\AppData\Roaming\npm
USERNAME=Ahmad Ali Murtadlo A
OS=Windows_NT
PROCESSOR_IDENTIFIER=Intel64 Family 6 Model 186 Stepping 3, GenuineIntel
TMP=C:\Users\AHMADA~1\AppData\Local\Temp
TEMP=C:\Users\AHMADA~1\AppData\Local\Temp




Periodic native trim disabled

---------------  S Y S T E M  ---------------

OS:
 Windows 11 , 64 bit Build 26100 (10.0.26100.8328)
OS uptime: 0 days 3:20 hours
Hyper-V role detected

CPU: total 12 (initial active 12) (6 cores per cpu, 2 threads per core) family 6 model 186 stepping 3 microcode 0x5102, cx8, cmov, fxsr, ht, mmx, 3dnowpref, sse, sse2, sse3, ssse3, sse4.1, sse4.2, popcnt, lzcnt, tsc, tscinvbit, avx, avx2, aes, erms, clmul, bmi1, bmi2, adx, sha, fma, vzeroupper, clflush, clflushopt, clwb, hv, serialize, rdtscp, rdpid, fsrm, f16c, cet_ibt, cet_ss
Processor Information for processor 0
  Max Mhz: 1800, Current Mhz: 1472, Mhz Limit: 1800
Processor Information for processor 1
  Max Mhz: 1800, Current Mhz: 1800, Mhz Limit: 1800
Processor Information for processor 2
  Max Mhz: 1800, Current Mhz: 1800, Mhz Limit: 1800
Processor Information for processor 3
  Max Mhz: 1800, Current Mhz: 1800, Mhz Limit: 1800
Processor Information for processor 4
  Max Mhz: 1800, Current Mhz: 1800, Mhz Limit: 1800
Processor Information for processor 5
  Max Mhz: 1800, Current Mhz: 1500, Mhz Limit: 1800
Processor Information for processor 6
  Max Mhz: 1800, Current Mhz: 1800, Mhz Limit: 1800
Processor Information for processor 7
  Max Mhz: 1800, Current Mhz: 1800, Mhz Limit: 1800
Processor Information for processor 8
  Max Mhz: 1800, Current Mhz: 1800, Mhz Limit: 1800
Processor Information for processor 9
  Max Mhz: 1800, Current Mhz: 1500, Mhz Limit: 1800
Processor Information for processor 10
  Max Mhz: 1800, Current Mhz: 1500, Mhz Limit: 1800
Processor Information for processor 11
  Max Mhz: 1800, Current Mhz: 1500, Mhz Limit: 1800

Memory: 4k page, system-wide physical 15998M (905M free)
TotalPageFile size 18894M (AvailPageFile size 5M)
current process WorkingSet (physical memory assigned to process): 26M, peak: 26M
current process commit charge ("private bytes"): 217M, peak: 218M

vm_info: OpenJDK 64-Bit Server VM (21.0.10+7-LTS) for windows-amd64 JRE (21.0.10+7-LTS), built on 2026-01-20T00:00:00Z by "admin" with MS VC++ 17.12 (VS2022)

END.
